  0.000000000000000E+00
  0.131096970180397E+03
  0.164964998193901E+03
  0.204063057384367E+03
  0.268134063045659E+03
  0.319473061297080E+03
  0.339118788598726E+03
  0.361827124817173E+03
  0.376829286375734E+03
  0.395584634170620E+03
  0.416324899366963E+03
  0.454562578581274E+03
  0.465751789512251E+03
  0.463217088839337E+03
  0.439175303268721E+03
  0.418300259731614E+03
  0.392284955085323E+03
  0.369194793788165E+03
  0.344125627973959E+03
  0.306883380238596E+03
  0.298430474572896E+03
  0.265996785538595E+03
  0.250718298799634E+03
  0.238628000671397E+03
  0.209584441127474E+03
  0.183167069515452E+03
  0.159229710081870E+03
  0.136846744443806E+03
  0.100790340158271E+03
  0.686263525038011E+02
  0.239218882894619E+02
  0.352315609579157E+01
  0.283815781964589E+01
 -0.102618127787643E+02
 -0.444916828930060E+02
 -0.730025828252144E+02
 -0.100439215059810E+03
 -0.108102239293045E+03
 -0.108186419036694E+03
 -0.100201513553930E+03
 -0.919430325033947E+02
 -0.785540380403486E+02
 -0.566687606184530E+02
 -0.449944116583524E+02
 -0.183446080685204E+02
 -0.112593859938433E+02
  0.000000000000000E+00
  0.000000000000000E+00
  0.114761757876896E+02
  0.133316340796860E+02
  0.202513814108334E+02
  0.258133048400140E+02
  0.375576894365447E+02
  0.466419697318821E+02
  0.626477308421464E+02
  0.716320750312776E+02
  0.698333916088322E+02
  0.797068616256265E+02
  0.939605907135855E+02
  0.125699007584527E+03
  0.115700604268243E+03
  0.950774530714033E+02
  0.688738671312630E+02
  0.514838487813773E+02
  0.361780689737894E+02
  0.271064056787013E+02
  0.460286407915993E+02
  0.470945236188119E+02
  0.449586836402313E+02
  0.632255661950624E+02
  0.522006397580840E+02
  0.360757921362602E+02
  0.295993579088370E+02
  0.126665472776612E+02
 -0.400346579236554E+01
 -0.487490659947558E+01
 -0.268960161836493E+02
 -0.488087808258276E+02
 -0.849954812918742E+02
 -0.109025649422509E+03
 -0.125235842093771E+03
 -0.139007208958395E+03
 -0.130980271094098E+03
 -0.143062625930069E+03
 -0.165787443545159E+03
 -0.153998358314551E+03
 -0.142044318516571E+03
 -0.127831784271146E+03
 -0.123222957382942E+03
 -0.114230970587524E+03
 -0.992640678819544E+02
 -0.697731812285027E+02
 -0.466430552488579E+02
  0.000000000000000E+00
  0.000000000000000E+00
  0.229678864413075E+02
  0.202005621426279E+02
  0.156135917432618E+01
 -0.427206202406982E+01
 -0.120833920443905E+02
 -0.218922103131850E+02
 -0.157156466194470E+02
 -0.244293123106617E+02
 -0.383476066501987E+02
 -0.442582572026935E+02
 -0.529408230980156E+02
 -0.526065816880918E+02
 -0.554036610973485E+02
 -0.610818581446225E+02
 -0.696223587529146E+02
 -0.723589902067364E+02
 -0.833772602173873E+02
 -0.863620141229457E+02
 -0.820690343174642E+02
 -0.855406656761619E+02
 -0.725806214840420E+02
 -0.882851288284750E+02
 -0.102787432522407E+03
 -0.102679874156784E+03
 -0.120238320201882E+03
 -0.146831560091213E+03
 -0.154355927880216E+03
 -0.133777707373289E+03
 -0.134381337497111E+03
 -0.114073651400375E+03
 -0.839694701820218E+02
 -0.884394868076324E+02
 -0.697228920438220E+02
 -0.709864956765514E+02
 -0.532844350788500E+02
 -0.538465024407085E+02
 -0.366626494256861E+02
 -0.230596479946884E+02
 -0.829950594429834E+01
 -0.345582864944737E+01
 -0.133902744946974E+02
 -0.194844943147770E+02
 -0.178288327841632E+02
  0.226476954966418E+01
  0.733336328505480E+00
  0.000000000000000E+00
  0.000000000000000E+00
  0.187226495239330E+02
  0.204363952408201E+02
  0.211796788977462E+02
  0.181471262245132E+02
 -0.137171899837418E+01
 -0.130936669918399E+02
 -0.957565207368398E+01
 -0.264860261385032E+02
 -0.192815476183694E+02
 -0.134242456370034E+02
 -0.250815854272757E+02
 -0.591400659377310E+02
 -0.733769389684509E+02
 -0.937501972632906E+02
 -0.883441732343234E+02
 -0.992500883911761E+02
 -0.961706615133227E+02
 -0.728806177874334E+02
 -0.590154401250892E+02
 -0.426514931471873E+02
 -0.403194450799642E+02
 -0.228767605929229E+02
 -0.133425211179355E+02
  0.110017390393173E+02
  0.256821054037856E+02
  0.353840629355904E+02
  0.497301259251534E+02
  0.446397422940552E+02
  0.310288149313943E+02
  0.177679053748962E+01
 -0.283142790980358E+02
 -0.248088375660282E+02
  0.202351384814338E+01
  0.293935400350510E+02
  0.282052816206459E+02
  0.624113010040276E+01
 -0.279505503993092E+01
 -0.147399219553783E+02
 -0.349161445441047E+02
 -0.471889620715452E+02
 -0.572769268934854E+02
 -0.535287749215936E+02
 -0.468438000698304E+02
 -0.216676222352736E+02
 -0.174771244867598E+02
  0.000000000000000E+00
  0.000000000000000E+00
  0.115793215519336E+02
  0.177082022453964E+02
  0.241467496624883E+02
  0.229977922355333E+02
  0.162365493560803E+02
  0.520588150936244E+01
  0.288524343983154E+01
  0.872096734279289E+01
  0.215574111718128E+01
 -0.244147437370734E+00
 -0.144200263453452E+02
 -0.394781486851086E+02
 -0.674187061181447E+02
 -0.524205393541319E+02
 -0.563209498810346E+02
 -0.460299388011189E+02
 -0.563824014908159E+02
 -0.536604656354103E+02
 -0.460729015448091E+02
 -0.259232496286952E+02
 -0.101127452408960E+02
 -0.911455377562452E+01
 -0.377550716743634E+02
 -0.398465311829036E+02
 -0.251242197937952E+02
 -0.644093155861051E+01
 -0.435113248757377E+01
  0.154973284153174E+02
  0.102290744310415E+02
  0.277546938456555E+02
  0.598177040694175E+02
  0.810879344023460E+02
  0.885955913715014E+02
  0.874772084062792E+02
  0.718210701992098E+02
  0.626420904065928E+02
  0.722212691483856E+02
  0.499454731124212E+02
  0.284338125761085E+02
  0.625818985977446E+01
 -0.415107704668765E+02
 -0.582594964689795E+02
 -0.557449782869214E+02
 -0.287897588594701E+02
 -0.129598595638410E+02
  0.000000000000000E+00
  0.000000000000000E+00
 -0.195357717726448E+02
 -0.355194351781446E+02
 -0.459290007120676E+02
 -0.654008103011020E+02
 -0.829014665013782E+02
 -0.104754178204941E+03
 -0.115048219674370E+03
 -0.116158002041970E+03
 -0.129901255511187E+03
 -0.133612366383954E+03
 -0.132215224423882E+03
 -0.145220623514476E+03
 -0.164146582884403E+03
 -0.189529326056064E+03
 -0.190173616751679E+03
 -0.206097325626504E+03
 -0.194873009678333E+03
 -0.212528276764415E+03
 -0.203654685833135E+03
 -0.200254372061187E+03
 -0.191888660316393E+03
 -0.207215100608702E+03
 -0.170708563164827E+03
 -0.156709035485813E+03
 -0.163223186040163E+03
 -0.158464016794652E+03
 -0.157235640926203E+03
 -0.184832658998274E+03
 -0.174881905468949E+03
 -0.150628048173776E+03
 -0.134418058619465E+03
 -0.130083889729973E+03
 -0.115039812536991E+03
 -0.121385513876393E+03
 -0.999747509397036E+02
 -0.896704792022146E+02
 -0.838160812649695E+02
 -0.100492473631410E+03
 -0.122282290181252E+03
 -0.134131156042348E+03
 -0.121514157881549E+03
 -0.104100241396043E+03
 -0.981681230956906E+02
 -0.686599666670073E+02
 -0.508624001553740E+02
  0.000000000000000E+00
  0.000000000000000E+00
  0.397056879812924E+02
  0.445723885562810E+02
  0.505487391808949E+02
  0.681222168023073E+02
  0.726944330327322E+02
  0.766687433619763E+02
  0.763839989997112E+02
  0.763432242721061E+02
  0.831771040172679E+02
  0.948880415426059E+02
  0.110258796038489E+03
  0.128344283249290E+03
  0.133624559941992E+03
  0.146047439538600E+03
  0.177304759435725E+03
  0.166643525168096E+03
  0.157079513092534E+03
  0.138269691386332E+03
  0.127593747590929E+03
  0.131799175193574E+03
  0.121036939255396E+03
  0.124340537277178E+03
  0.140340502104800E+03
  0.152736028473818E+03
  0.167944692051434E+03
  0.197236342515942E+03
  0.209465571386178E+03
  0.192794173280609E+03
  0.171245187204580E+03
  0.164692776267715E+03
  0.153850432807195E+03
  0.159497589993529E+03
  0.163553063399159E+03
  0.180610897377585E+03
  0.197471425627113E+03
  0.214232393320944E+03
  0.212665578414477E+03
  0.196719503829864E+03
  0.167025562213184E+03
  0.137782706177331E+03
  0.115452195978734E+03
  0.782214933223204E+02
  0.705972288518257E+02
  0.532579891004972E+02
  0.418893956708885E+02
  0.000000000000000E+00
  0.000000000000000E+00
  0.120907622347522E+03
  0.152507053895659E+03
  0.184773501186826E+03
  0.224870483713650E+03
  0.244214915127186E+03
  0.245476015379557E+03
  0.244149854559486E+03
  0.247153552551089E+03
  0.232607649966691E+03
  0.232019224737329E+03
  0.223384454685076E+03
  0.234130243561173E+03
  0.238851606772693E+03
  0.239277339527755E+03
  0.234752491985172E+03
  0.230509464881850E+03
  0.219098016498769E+03
  0.230499800477200E+03
  0.226176772253515E+03
  0.210647477760396E+03
  0.175921308687945E+03
  0.126984389402618E+03
  0.892184141003740E+02
  0.340088606234303E+02
 -0.874834462532318E+01
 -0.518607254769952E+02
 -0.106470543168133E+03
 -0.115448484255666E+03
 -0.134331119271713E+03
 -0.135275119683270E+03
 -0.153793856420455E+03
 -0.144068713563592E+03
 -0.138039622259872E+03
 -0.122388992589462E+03
 -0.118873503804061E+03
 -0.959116664325067E+02
 -0.673618832847477E+02
 -0.498670992650081E+02
 -0.450663545990641E+02
 -0.647957704699872E+02
 -0.567732911746733E+02
 -0.525521093147286E+02
 -0.564822477690952E+02
 -0.358102520142730E+02
 -0.227900382850071E+02
  0.000000000000000E+00
  0.000000000000000E+00
  0.217570054302623E+02
  0.224638430399996E+02
  0.109507618437913E+02
 -0.455234666274396E+01
 -0.224305798686988E+02
 -0.453613552804959E+02
 -0.735625415315901E+02
 -0.648252808258673E+02
 -0.460027913194222E+02
 -0.415244618117365E+02
 -0.536920677261225E+02
 -0.490773587746703E+02
 -0.403975514833740E+02
 -0.423199297274137E+02
 -0.220302449301663E+02
 -0.235479396553315E+02
 -0.271145124078323E+02
 -0.193682469875881E+02
 -0.100499375958271E+02
 -0.145044312421111E+02
 -0.203482058185445E+02
  0.108656962041358E+02
  0.432240884419495E+02
  0.790957483466629E+02
  0.109710117961223E+03
  0.126230743029522E+03
  0.144933907395920E+03
  0.166583049376758E+03
  0.197612325061403E+03
  0.237473083277775E+03
  0.273243614739174E+03
  0.290788974587138E+03
  0.291731478110466E+03
  0.277330112902892E+03
  0.261931320023801E+03
  0.237169217552253E+03
  0.200367585195932E+03
  0.176178686608056E+03
  0.162725893499704E+03
  0.145097398457315E+03
  0.133296254027382E+03
  0.115028963386835E+03
  0.108948000654982E+03
  0.877098497686944E+02
  0.679677437793359E+02
  0.000000000000000E+00
  0.000000000000000E+00
 -0.696072015339012E+01
 -0.104505616471294E+02
 -0.215811369974513E+02
 -0.304793433827871E+02
 -0.226806711933307E+02
 -0.679231084107449E+01
  0.555419805502737E+01
  0.105152840502513E+02
  0.152361237320177E+02
  0.325504355699784E+01
 -0.107412431695260E+02
 -0.856879417645032E+01
  0.168461494993929E+01
 -0.143403115746542E+01
 -0.238220947697512E+02
 -0.420853305950618E+02
 -0.470804238904650E+02
 -0.337535210399402E+02
 -0.342374043280971E+02
 -0.291632311310555E+02
 -0.688614953679894E+01
 -0.178835753531707E+02
 -0.143157341670645E+02
 -0.123974681206074E+02
 -0.194123578213771E+02
 -0.153517564269553E+02
 -0.144727106813804E+02
 -0.922553544595108E+01
 -0.110115612953832E+02
  0.728099776870425E+01
  0.170416065860171E+02
  0.487743111335060E+02
  0.474097392059543E+02
  0.366652673517892E+02
  0.352931928151009E+02
  0.231680691099369E+02
  0.256473251701895E+02
  0.180516976338279E+02
  0.179121575190231E+02
  0.468350956711748E+01
 -0.162510502628588E+01
 -0.164341238451719E+02
 -0.184650333808259E+02
 -0.107365016318463E+02
 -0.111219117809961E+02
  0.000000000000000E+00
