  0.000000000000000E+00
  0.137488647366097E+02
  0.144886979656943E+02
  0.127247840335524E+02
  0.671136416541918E+01
  0.495188415221768E+01
  0.436668257654883E+01
  0.368842425984819E+01
  0.190110310815083E+01
 -0.247555028146362E+01
 -0.567650736322478E+01
 -0.720926927387191E+01
 -0.717708845362264E+01
 -0.690424246383473E+01
 -0.537279133776539E+01
 -0.357483380528568E+01
 -0.323105508574651E+01
 -0.504378983686165E+01
 -0.570418065469253E+01
 -0.322899843170733E+01
  0.697513245123701E-01
  0.157777760287259E+01
  0.181021907078408E+01
  0.346167509185254E+01
  0.351172569639709E+01
  0.154426041092272E+01
  0.548294879395217E-01
 -0.737013135869670E+01
 -0.943899025538563E+01
 -0.116876109917064E+02
 -0.150586476104367E+02
 -0.175696883412347E+02
 -0.173346000158673E+02
 -0.140244951254803E+02
 -0.897433637573872E+01
 -0.389814997946435E+01
 -0.127555027642160E+01
  0.499236441815750E+00
  0.903306543842021E+00
 -0.167395685456162E+00
 -0.466497336404473E+00
 -0.310521852583394E+01
 -0.925361123813362E+01
 -0.778800055317337E+01
  0.171210702948662E+01
  0.645621975623117E+00
  0.000000000000000E+00
