  0.203348855064047E+07
  0.202963486198606E+07
  0.202220482214332E+07
  0.201055617790911E+07
  0.199452990009942E+07
  0.197414564733082E+07
  0.194949963077837E+07
  0.192072980240319E+07
  0.188800334878101E+07
  0.185151149392678E+07
  0.181146662287248E+07
  0.176810007502642E+07
  0.172166006977841E+07
  0.167240959882489E+07
  0.162062424439711E+07
  0.156658992468553E+07
  0.151060058215984E+07
  0.145295583548131E+07
  0.139395861739066E+07
  0.133391282136265E+07
  0.127312097963086E+07
  0.121188199463362E+07
  0.115048894510083E+07
  0.108922698692820E+07
  0.102837136769434E+07
  0.968185572187448E+06
  0.908919614643038E+06
  0.850808491574333E+06
  0.794070807126805E+06
  0.738907580832305E+06
  0.685501245502884E+06
  0.634014840816140E+06
  0.584591405929878E+06
  0.537353572250978E+06
  0.492403355298299E+06
  0.449822142468019E+06
  0.409670871456846E+06
  0.371990392147548E+06
  0.336802002933989E+06
  0.304108150779256E+06
  0.273893282778223E+06
  0.246124835650537E+06
  0.220754348434253E+06
  0.197718682694601E+06
  0.176941333814074E+06
  0.158333816393907E+06
  0.141797106475035E+06
  0.127223123177911E+06
  0.114496232461500E+06
  0.103494756006276E+06
  0.940924687252402E+05
  0.861600690900725E+05
  0.795666073131422E+05
  0.741808574353043E+05
  0.698726205173727E+05
  0.665139474017156E+05
  0.639802708802484E+05
  0.621514385559915E+05
  0.609126391965764E+05
  0.601552169285548E+05
  0.597773691900887E+05
  0.596847259258230E+05
  0.597908090513211E+05
  0.600173727160540E+05
  0.602946263353251E+05
  0.605613437257601E+05
  0.607648629506426E+05
  0.608609826466962E+05
  0.608137616509562E+05
  0.605952296651729E+05
  0.601850174777923E+05
  0.595699159041049E+05
  0.587433730999269E+05
  0.577049402515277E+05
  0.564596758449277E+05
  0.550175187736171E+05
  0.533926404595928E+05
  0.516027859445913E+05
  0.496686135643742E+05
  0.476130423582999E+05
  0.454606157999070E+05
  0.432368897736934E+05
  0.409678519815160E+05
  0.386793791525590E+05
  0.363967375676711E+05
  0.341441315063639E+05
  0.319443032972881E+05
  0.298181877148138E+05
  0.277846225293483E+05
  0.258601161005979E+05
  0.240586720137822E+05
  0.223916699106198E+05
  0.208678008704704E+05
  0.194930549619531E+05
  0.182707579199988E+05
  0.172016533146506E+05
  0.162840260715933E+05
  0.155138627845499E+05
  0.148850439290254E+05
  0.143895628466819E+05
  0.140177662197429E+05
  0.137586106937210E+05
  0.135999303316403E+05
  0.135287096897534E+05
  0.135313574884027E+05
  0.135939761060363E+05
  0.137026224424722E+05
  0.138435560716266E+05
  0.140034710257907E+05
  0.141697080144697E+05
  0.143304443717928E+05
  0.144748595384743E+05
  0.145932744081564E+05
  0.146772633947947E+05
  0.147197385989226E+05
  0.147150059579757E+05
  0.146587937517180E+05
  0.145482542911832E+05
  0.143819400421650E+05
  0.141597558166936E+05
  0.138828890035270E+05
  0.135537200977921E+05
  0.131757160277766E+05
  0.127533089617010E+05
  0.122917634082483E+05
  0.117970345017441E+05
  0.112756203871418E+05
  0.107344115931497E+05
  0.101805402065331E+05
  0.962123154010951E+04
  0.906366082514173E+04
  0.851481726018654E+04
  0.798137751786007E+04
  0.746959055369870E+04
  0.698517528281459E+04
  0.653323239601384E+04
  0.611817128315157E+04
  0.574365272338016E+04
  0.541254769509576E+04
  0.512691235806466E+04
  0.488797897135911E+04
  0.469616223791147E+04
  0.455108031381313E+04
  0.445158949154358E+04
  0.439583136417118E+04
  0.438129110469357E+04
  0.440486535295564E+04
  0.446293809325411E+04
  0.455146282945801E+04
  0.466604932128775E+04
  0.480205313476707E+04
  0.495466628070595E+04
  0.511900726579114E+04
  0.529020895939197E+04
  0.546350278305765E+04
  0.563429785605928E+04
  0.579825387609495E+04
  0.595134667608270E+04
  0.608992557230791E+04
  0.621076180247156E+04
  0.631108754078207E+04
  0.638862516756447E+04
  0.644160665944906E+04
  0.646878314972839E+04
  0.646942488383493E+04
  0.644331195924966E+04
  0.639071638996744E+04
  0.631237617071831E+04
  0.620946213364128E+04
  0.608353848857956E+04
  0.593651801656416E+04
  0.577061294372594E+04
  0.558828255957835E+04
  0.539217865948428E+04
  0.518508988667650E+04
  0.496988602530867E+04
  0.474946325386064E+04
  0.452669130928671E+04
  0.430436343830894E+04
  0.408514992516099E+04
  0.387155588699167E+04
  0.366588392127578E+04
  0.347020207626369E+04
  0.328631749807668E+04
  0.311575598885442E+04
  0.295974759166319E+04
  0.281921820186252E+04
  0.269478709335703E+04
  0.258677014351469E+04
  0.249518844420760E+04
  0.241978189989827E+04
  0.236002733818901E+04
  0.231516059475625E+04
  0.228420198382289E+04
  0.226598452773290E+04
  0.225918429496949E+04
  0.226235218502588E+04
  0.227394650057513E+04
  0.229236566183386E+04
  0.231598044410201E+04
  0.234316515622300E+04
  0.237232722401123E+04
  0.240193469726689E+04
  0.243054126045604E+04
  0.245680839401629E+04
  0.247952440404198E+04
  0.249762011127813E+04
  0.251018106439176E+04
  0.251645621591610E+04
  0.251586307066904E+04
  0.250798938451696E+04
  0.249259155488974E+04
  0.246958990238716E+04
  0.243906109423841E+04
  0.240122800453433E+04
  0.235644734246938E+04
  0.230519540790799E+04
  0.224805235320728E+04
  0.218568534134270E+04
  0.211883099312535E+04
  0.204827751096081E+04
  0.197484685362599E+04
  0.189937731651335E+04
  0.182270684541556E+04
  0.174565738000355E+04
  0.166902048657532E+04
  0.159354449937402E+04
  0.151992334678041E+04
  0.144878719398842E+04
  0.138069498837971E+04
  0.131612894870715E+04
  0.125549099532136E+04
  0.119910107690729E+04
  0.114719731034583E+04
  0.109993781508947E+04
  0.105740409245342E+04
  0.101960577397107E+04
  0.986486541825549E+03
  0.957931008603065E+03
  0.933772333351220E+03
  0.913800346174345E+03
  0.897769954247935E+03
  0.885409607960441E+03
  0.876429616563641E+03
  0.870530117808009E+03
  0.867408525049381E+03
  0.866766297660898E+03
  0.868314905637325E+03
  0.871780886365790E+03
  0.876909919961451E+03
  0.883469878624113E+03
  0.891252834465406E+03
  0.900076038510540E+03
  0.909781910455176E+03
  0.920237103667507E+03
  0.931330732339814E+03
  0.942971867155201E+03
  0.955086421966385E+03
  0.967613566492146E+03
  0.980501808721440E+03
  0.993704895465906E+03
  0.100717768030239E+04
  0.102087210507254E+04
  0.103473343431918E+04
  0.104869687178315E+04
  0.106268467467925E+04
  0.107660386530132E+04
  0.109034462101746E+04
  0.110377940339326E+04
  0.111676286554772E+04
  0.112913255444446E+04
  0.114071040220448E+04
  0.115130497824417E+04
  0.116071445262804E+04
  0.116873020098608E+04
  0.117514096314988E+04
  0.117973745172977E+04
  0.118231729355107E+04
  0.118269017649203E+04
  0.118068306704772E+04
  0.117614536003950E+04
  0.116895382137739E+04
  0.115901718766364E+04
  0.114628029262406E+04
  0.113072759971853E+04
  0.111238603259282E+04
  0.109132701000316E+04
  0.106766760912948E+04
  0.104157080039697E+04
  0.101324471761342E+04
  0.982940948932826E+03
  0.950951856387225E+03
  0.917606953987836E+03
  0.883268396186401E+03
  0.848325649320722E+03
  0.813189438079798E+03
  0.778285076580532E+03
  0.744045308957339E+03
  0.710902797085007E+03
  0.679282402897173E+03
  0.649593419503022E+03
  0.622221908785598E+03
  0.597523303298619E+03
  0.575815427048297E+03
  0.557372083207902E+03
  0.542417347091077E+03
  0.531120689998016E+03
  0.523593044102957E+03
  0.519883900685490E+03
  0.519979514086761E+03
  0.523802262202472E+03
  0.531211191550270E+03
  0.542003751437299E+03
  0.555918697987676E+03
  0.572640125258430E+03
  0.591802557860169E+03
  0.612997017875049E+03
  0.635777958875172E+03
  0.659670941901377E+03
  0.684180912736144E+03
  0.708800927016241E+03
  0.733021159946499E+03
  0.756338030800397E+03
  0.778263269165720E+03
  0.798332750086142E+03
  0.816114928865300E+03
  0.831218713272429E+03
  0.843300621084289E+03
  0.852071084118562E+03
  0.857299775900064E+03
  0.858819858538829E+03
  0.856531064925192E+03
  0.850401554556886E+03
  0.840468504768975E+03
  0.826837423376945E+03
  0.809680193288838E+03
  0.789231884010844E+03
  0.765786388683378E+03
  0.739690967875357E+03
  0.711339802390743E+03
  0.681166676391843E+03
  0.649636928846602E+03
  0.617238825337204E+03
  0.584474513352848E+03
  0.551850732116963E+03
  0.519869452617353E+03
  0.489018624730801E+03
  0.459763206142182E+03
  0.432536642200067E+03
  0.407732957039204E+03
  0.385699604412174E+03
  0.366731211944115E+03
  0.351064335247037E+03
  0.338873318844092E+03
  0.330267339541386E+03
  0.325288685162492E+03
  0.323912297871751E+03
  0.326046587117178E+03
  0.331535492991420E+03
  0.340161757007925E+03
  0.351651334377646E+03
  0.365678860288868E+03
  0.381874062851393E+03
  0.399828997643609E+03
  0.419105963531781E+03
  0.439245946901130E+03
  0.459777431880300E+03
  0.480225407728033E+03
  0.500120401395741E+03
  0.519007363430928E+03
  0.536454238828747E+03
  0.552060061093919E+03
  0.565462417502104E+03
  0.576344146149553E+03
  0.584439140599041E+03
  0.589537155465198E+03
  0.591487525787304E+03
  0.590201734129419E+03
  0.585654781614672E+03
  0.577885342110185E+03
  0.566994702086664E+03
  0.553144511833640E+03
  0.536553396274445E+03
  0.517492495163990E+03
  0.496280022559436E+03
  0.473274953750155E+03
  0.448869963976800E+03
  0.423483756961293E+03
  0.397552932259288E+03
  0.371523548537319E+03
  0.345842544927744E+03
  0.320949184544269E+03
  0.297266683028067E+03
  0.275194180678762E+03
  0.255099209404013E+03
  0.237310795552062E+03
  0.222113326882564E+03
  0.209741296741255E+03
  0.200375021236450E+03
  0.194137406211275E+03
  0.191091820437317E+03
  0.191241110119586E+03
  0.194527767912099E+03
  0.200835247619058E+03
  0.209990394019719E+03
  0.221766936218795E+03
  0.235889972986063E+03
  0.252041360082808E+03
  0.269865892922511E+03
  0.288978163385728E+03
  0.308969957468918E+03
  0.329418050911343E+03
  0.349892253179227E+03
  0.369963546304548E+03
  0.389212164133428E+03
  0.407235459536279E+03
  0.423655412012525E+03
  0.438125635776057E+03
  0.450337758670663E+03
  0.460027054925805E+03
  0.466977229566248E+03
  0.471024268938831E+03
  0.472059289987697E+03
  0.470030340240222E+03
  0.464943120584603E+03
  0.456860623438979E+03
  0.445901699438595E+03
  0.432238585911586E+03
  0.416093449795574E+03
  0.397734015903395E+03
  0.377468368237878E+03
  0.355639027074021E+03
  0.332616417499359E+03
  0.308791855797866E+03
  0.284570188292534E+03
  0.260362222888242E+03
  0.236577096491542E+03
  0.213614721691459E+03
  0.191858453581173E+03
  0.171668112452115E+03
  0.153373490416715E+03
  0.137268459978265E+03
  0.123605790374305E+03
  0.112592763421006E+03
  0.104387664862278E+03
  0.990972101892611E+02
  0.967749458767473E+02
  0.974206483321681E+02
  0.100980723928594E+03
  0.107349594656597E+03
  0.116372035537096E+03
  0.127846412333518E+03
  0.141528751614006E+03
  0.157137560146142E+03
  0.174359297231807E+03
  0.192854392147589E+03
  0.212263689547244E+03
  0.232215198665512E+03
  0.252331017550643E+03
  0.272234301412862E+03
  0.291556144527054E+03
  0.309942247941757E+03
  0.327059250448093E+03
  0.342600607731846E+03
  0.356291914207634E+03
  0.367895573515469E+03
  0.377214736812048E+03
  0.384096442547170E+03
  0.388433907090417E+03
  0.390167932057224E+03
  0.389287411156105E+03
  0.385828936513398E+03
  0.379875521401574E+03
  0.371554472781215E+03
  0.361034462756681E+03
  0.348521862650786E+03
  0.334256416657272E+03
  0.318506343692804E+03
  0.301562965936238E+03
  0.283734970441918E+03
  0.265342416014961E+03
  0.246710601150072E+03
  0.228163910214443E+03
  0.210019754195607E+03
  0.192582719275701E+03
  0.176139031314690E+03
  0.160951437146899E+03
  0.147254594574685E+03
  0.135251052271049E+03
  0.125107888699816E+03
  0.116954065873195E+03
  0.110878539557902E+03
  0.106929152693214E+03
  0.105112323587397E+03
  0.105393525206813E+03
  0.107698536856466E+03
  0.111915435056275E+03
  0.117897276715444E+03
  0.125465415051569E+03
  0.134413377322370E+03
  0.144511223540377E+03
  0.155510297098003E+03
  0.167148271782311E+03
  0.179154395109481E+03
  0.191254825325378E+03
  0.203177958828666E+03
  0.214659646166565E+03
  0.225448198082087E+03
  0.235309088270587E+03
  0.244029266413099E+03
  0.251421003542572E+03
  0.257325201686487E+03
  0.261614110810092E+03
  0.264193408132611E+03
  0.265003607662008E+03
  0.264020781038527E+03
  0.261256584233497E+03
  0.256757598056347E+03
  0.250604003522161E+03
  0.242907625675572E+03
  0.233809391218956E+03
  0.223476256036376E+03
  0.212097668243736E+03
  0.199881640559712E+03
  0.187050512439548E+03
  0.173836487433334E+03
  0.160477034543679E+03
  0.147210243919963E+03
  0.134270227027358E+03
  0.121882649492408E+03
  0.110260481210127E+03
  0.996000430895393E+02
  0.900774231340968E+02
  0.818453265463204E+02
  0.750304153825452E+02
  0.697311831542660E+02
  0.660163988843390E+02
  0.639241436988232E+02
  0.634614512959822E+02
  0.646045518138897E+02
  0.672997069472973E+02
  0.714646128672615E+02
  0.769903367883503E+02
  0.837437431089671E+02
  0.915703561035944E+02
  0.100297598334052E+03
  0.109738337408672E+03
  0.119694668565526E+03
  0.129961856872724E+03
  0.140332360679680E+03
  0.150599857341962E+03
  0.160563193173077E+03
  0.170030182012896E+03
  0.178821180679209E+03
  0.186772374793871E+03
  0.193738714930526E+03
  0.199596450576511E+03
  0.204245217877681E+03
  0.207609646365020E+03
  0.209640459657356E+03
  0.210315055297446E+03
  0.209637559206314E+03
  0.207638360529834E+03
  0.204373142701545E+03
  0.199921436162968E+03
  0.194384727184870E+03
  0.187884165451251E+03
  0.180557920350974E+03
  0.172558242138887E+03
  0.164048289169937E+03
  0.155198786191934E+03
  0.146184581146163E+03
  0.137181169037818E+03
  0.128361251194730E+03
  0.119891396654310E+03
  0.111928869552179E+03
  0.104618682303653E+03
  0.980909291657476E+02
  0.924584485589071E+02
  0.878148554481572E+02
  0.842329772828238E+02
  0.817637186345117E+02
  0.804353709260133E+02
  0.802533746860972E+02
  0.812005327757407E+02
  0.832376641877262E+02
  0.863046794962122E+02
  0.903220509899881E+02
  0.951926431153720E+02
  0.100803862220545E+03
  0.107030078853816E+03
  0.113735271126329E+03
  0.120775833986265E+03
  0.128003496725809E+03
  0.135268289689985E+03
  0.142421500989719E+03
  0.149318565029071E+03
  0.155821826803793E+03
  0.161803129158187E+03
  0.167146174422280E+03
  0.171748616994941E+03
  0.175523849377049E+03
  0.178402450764295E+03
  0.180333274441805E+03
  0.181284157734345E+03
  0.181242246001329E+03
  0.180213929968956E+03
  0.178224403405807E+03
  0.175316855620125E+03
  0.171551320341122E+03
  0.167003209105606E+03
  0.161761563181242E+03
  0.155927063208010E+03
  0.149609840036565E+03
  0.142927133610915E+03
  0.136000849126852E+03
  0.128955061061474E+03
  0.121913515998303E+03
  0.114997184472910E+03
  0.108321910362684E+03
  0.101996203687836E+03
  0.961192191443685E+02
  0.907789583358557E+02
  0.860507286072474E+02
  0.819958857213982E+02
  0.786608814793454E+02
  0.760766308983985E+02
  0.742582068632281E+02
  0.732048633926219E+02
  0.729003819563918E+02
  0.733137287683066E+02
  0.744000048015411E+02
  0.761016645444928E+02
  0.783499743479420E+02
  0.810666767078842E+02
  0.841658230657647E+02
  0.875557347573138E+02
  0.911410496532931E+02
  0.948248108428872E+02
  0.985105534271267E+02
  0.102104346111087E+03
  0.105516745786665E+03
  0.108664625641676E+03
  0.111472840458669E+03
  0.113875696605204E+03
  0.115818198679866E+03
  0.117257049766983E+03
  0.118161387659225E+03
  0.118513245115941E+03
  0.118307728115445E+03
  0.117552912008570E+03
  0.116269461365685E+03
  0.114489985009401E+03
  0.112258143125147E+03
  0.109627528333244E+03
  0.106660347090393E+03
  0.103425931678143E+03
  0.999991162566010E+02
  0.964585129533515E+02
  0.928847256760033E+02
  0.893585402537120E+02
  0.859591296172579E+02
  0.827623120241480E+02
  0.798388988467902E+02
  0.772531662061833E+02
  0.750614818036777E+02
  0.733111147462160E+02
  0.720392520552840E+02
  0.712722409864330E+02
  0.710250713633169E+02
  0.713011069528823E+02
  0.720920695861183E+02
  0.733782743734222E+02
  0.751291090865504E+02
  0.773037456892083E+02
  0.798520671998592E+02
  0.827157886607249E+02
  0.858297470548115E+02
  0.891233316362110E+02
  0.925220233838501E+02
  0.959490102081860E+02
  0.993268431722277E+02
  0.102579098356053E+03
  0.105632009105916E+03
  0.108416034257301E+03
  0.110867329483333E+03
  0.112929091158701E+03
  0.114552744993351E+03
  0.115698955116328E+03
  0.116338433203089E+03
  0.116452531555485E+03
  0.116033608669643E+03
  0.115085160665269E+03
  0.113621716898786E+03
  0.111668503038366E+03
  0.109260879738420E+03
  0.106443569714120E+03
  0.103269690386863E+03
  0.997996132606119E+02
  0.960996747155426E+02
  0.922407658987639E+02
  0.882968317927629E+02
  0.843433113038898E+02
  0.804555513023511E+02
  0.767072279426795E+02
  0.731688082946834E+02
  0.699060843292032E+02
  0.669788096544689E+02
  0.644394671247592E+02
  0.623321925938079E+02
  0.606918767227057E+02
  0.595434629481698E+02
  0.589014555529130E+02
  0.587696473435028E+02
  0.591410718258860E+02
  0.599981800711376E+02
  0.613132377818054E+02
  0.630489334995950E+02
  0.651591845323373E+02
  0.675901231118431E+02
  0.702812416074684E+02
  0.731666723880183E+02
  0.761765752121078E+02
  0.792386028885095E+02
  0.822794144254547E+02
  0.852262040105993E+02
  0.880082139470631E+02
  0.905582001176090E+02
  0.928138196470921E+02
  0.947189121574582E+02
  0.962246483219612E+02
  0.972905222758784E+02
  0.978851677686540E+02
  0.979869816769015E+02
  0.975845425597149E+02
  0.966768162424409E+02
  0.952731448721810E+02
  0.933930204048502E+02
  0.910656479660848E+02
  0.883293088834391E+02
  0.852305373255970E+02
  0.818231283203406E+02
  0.781669983781386E+02
  0.743269229520199E+02
  0.703711774557684E+02
  0.663701104910952E+02
  0.623946792619707E+02
  0.585149778547559E+02
  0.547987891231858E+02
  0.513101903380625E+02
  0.481082415563040E+02
  0.452457838592744E+02
  0.427683722449505E+02
  0.407133650828046E+02
  0.391091887151541E+02
  0.379747920841287E+02
  0.373193022569845E+02
  0.371418874980578E+02
  0.374318301813546E+02
  0.381688074442071E+02
  0.393233731409640E+02
  0.408576304563066E+02
  0.427260805676218E+02
  0.448766290868176E+02
  0.472517287397271E+02
  0.497896339232442E+02
  0.524257404744487E+02
  0.550939822394124E+02
  0.577282548780197E+02
  0.602638368079827E+02
  0.626387772870044E+02
  0.647952223539910E+02
  0.666806506828492E+02
  0.682489933179409E+02
  0.694616137179850E+02
  0.702881274841207E+02
  0.707070445264424E+02
  0.707062201611766E+02
  0.702831056499272E+02
  0.694447929098594E+02
  0.682078524512836E+02
  0.665979679472114E+02
  0.646493751177837E+02
  0.624041167318895E+02
  0.599111294034778E+02
  0.572251814102303E+02
  0.544056839136424E+02
  0.515154006464647E+02
  0.486190832996041E+02
  0.457820614408116E+02
  0.430688167979286E+02
  0.405415721187088E+02
  0.382589245687277E+02
  0.362745527530496E+02
  0.346360249634749E+02
  0.333837341910831E+02
  0.325499828453755E+02
  0.321582370394337E+02
  0.322225667981647E+02
  0.327472846955747E+02
  0.337267913061274E+02
  0.351456315492615E+02
  0.369787616037306E+02
  0.391920216603192E+02
  0.417428054587961E+02
  0.445809134071353E+02
  0.476495721940995E+02
  0.508866002612647E+02
  0.542256953713321E+02
  0.575978178619105E+02
  0.609326410638530E+02
  0.641600388356001E+02
  0.672115792531837E+02
  0.700219932202690E+02
  0.725305871315233E+02
  0.746825697302523E+02
  0.764302649292021E+02
  0.777341845803524E+02
  0.785639379419645E+02
  0.788989578446751E+02
  0.787290272379013E+02
  0.780545938296666E+02
  0.768868648360376E+02
  0.752476783436810E+02
  0.731691523695960E+02
  0.706931172826650E+02
  0.678703417389737E+02
  0.647595665848773E+02
  0.614263652098507E+02
  0.579418525024145E+02
  0.543812678005411E+02
  0.508224599649566E+02
  0.473443048820484E+02
  0.440250872759843E+02
  0.409408796424056E+02
  0.381639513868998E+02
  0.357612408520331E+02
  0.337929218518679E+02
  0.323110946212754E+02
  0.313586287604952E+02
  0.309681828575146E+02
  0.311614220577242E+02
  0.319484509885025E+02
  0.333274752115496E+02
  0.352846998515120E+02
  0.377944693254929E+02
  0.408196472684159E+02
  0.443122309105789E+02
  0.482141894131915E+02
  0.524585111010741E+02
  0.569704402414610E+02
  0.616688800913368E+02
  0.664679354533302E+02
  0.712785650136805E+02
  0.760103113470927E+02
  0.805730747129200E+02
  0.848788956728910E+02
  0.888437111581109E+02
  0.923890489133192E+02
  0.954436262464088E+02
  0.979448206952160E+02
  0.998399825604923E+02
  0.101087562200688E+03
  0.101658028485096E+03
  0.101534558789865E+03
  0.100713485319462E+03
  0.992044872591400E+02
  0.970305232196477E+02
  0.942275035265326E+02
  0.908437070327868E+02
  0.869389521941863E+02
  0.825835370407368E+02
  0.778569673078149E+02
  0.728464962643956E+02
  0.676455036069783E+02
  0.623517440990240E+02
  0.570654993594634E+02
  0.518876682836687E+02
  0.469178329727283E+02
  0.422523377214330E+02
  0.379824185558593E+02
  0.341924200160006E+02
  0.309581343600884E+02
  0.283452961520417E+02
  0.264082623225163E+02
  0.251889043211971E+02
  0.247157349689213E+02
  0.250032881495822E+02
  0.260517646394113E+02
  0.278469522485712E+02
  0.303604231463866E+02
  0.335500058602308E+02
  0.373605240840186E+02
  0.417247892103417E+02
  0.465648285132838E+02
  0.517933262550239E+02
  0.573152507606373E+02
  0.630296367863845E+02
  0.688314893713161E+02
  0.746137728735401E+02
  0.802694471018853E+02
  0.856935113978104E+02
  0.907850172247432E+02
  0.954490102903092E+02
  0.995983644547784E+02
  0.103155471644860E+03
  0.106053754659402E+03
  0.108238973073321E+03
  0.109670296354885E+03
  0.110321122735234E+03
  0.110179627223260E+03
  0.109249027349952E+03
  0.107547560654539E+03
  0.105108173484760E+03
  0.101977926268153E+03
  0.982171259113630E+02
  0.938982012929338E+02
  0.891043428288969E+02
  0.839279317105067E+02
  0.784687885496499E+02
  0.728322747379758E+02
  0.671272827598034E+02
  0.614641539379683E+02
  0.559525635909193E+02
  0.506994143075258E+02
  0.458067779873527E+02
  0.413699264480561E+02
  0.374754887826507E+02
  0.341997712873330E+02
  0.316072727195952E+02
  0.297494239444282E+02
  0.286635767539558E+02
  0.283722618844312E+02
  0.288827310955832E+02
  0.301867927201142E+02
  0.322609444407302E+02
  0.350668013177640E+02
  0.385518113831091E+02
  0.426502455464989E+02
  0.472844432363069E+02
  0.523662902226256E+02
  0.577989005423335E+02
  0.634784704527809E+02
  0.692962689607227E+02
  0.751407267728654E+02
  0.808995835471815E+02
  0.864620521292502E+02
  0.917209580598777E+02
  0.965748130477504E+02
  0.100929782307691E+03
  0.104701507648592E+03
  0.107816750918449E+03
  0.110214825825456E+03
  0.111848790188516E+03
  0.112686375250998E+03
  0.112710633729990E+03
  0.111920293673090E+03
  0.110329810851649E+03
  0.107969118224480E+03
  0.104883076847397E+03
  0.101130638368262E+03
  0.967837348234767E+02
  0.919259167314575E+02
  0.866507653595696E+02
  0.810601094284602E+02
  0.752620803259836E+02
  0.693690430581717E+02
  0.634954426049418E+02
  0.577556070259040E+02
  0.522615495432141E+02
  0.471208118960867E+02
  0.424343905137091E+02
  0.382947855029361E+02
  0.347842101239809E+02
  0.319729953752725E+02
  0.299182205861637E+02
  0.286625965945899E+02
  0.282336232489489E+02
  0.286430377125562E+02
  0.298865644661256E+02
  0.319439721065499E+02
  0.347794361404439E+02
  0.383422010823131E+02
  0.425675294035337E+02
  0.473779193508528E+02
  0.526845684686405E+02
  0.583890549179441E+02
  0.643852044791863E+02
  0.705611075355358E+02
  0.768012474301810E+02
  0.829886994291930E+02
  0.890073581444381E+02
  0.947441507049317E+02
  0.100091193221352E+03
  0.104947849162454E+03
  0.109222650133342E+03
  0.112835042178151E+03
  0.115716924072978E+03
  0.117813948064643E+03
  0.119086558070116E+03
  0.119938977350906E+03
